1695346526860	geckodriver	INFO	Listening on 127.0.0.1:65378
1695346529981	mozrunner::runner	INFO	Running command: "C:\\Program Files\\Mozilla Firefox\\firefox.exe" "--marionette" "--remote-debugging-port" "65379" "--remote-allow-hosts" "localhost" "-no-remote" "-profile" "C:\\Users\\Admin\\AppData\\Local\\Temp\\rust_mozprofiletpATz6"
console.warn: services.settings: Ignoring preference override of remote settings server
console.warn: services.settings: Allow by setting MOZ_REMOTE_SETTINGS_DEVTOOLS=1 in the environment
1695346530385	Marionette	INFO	Marionette enabled
Dynamically enable window occlusion 0
1695346530518	Marionette	INFO	Listening on port 49163
WebDriver BiDi listening on ws://127.0.0.1:65379
Read port: 49163
1695346530774	RemoteAgent	WARN	TLS certificate errors will be ignored for this session
DevTools listening on ws://127.0.0.1:65379/devtools/browser/dc9691cc-b09d-4d85-9a03-66fc3433353f
console.warn: LoginRecipes: "Falling back to a synchronous message for: https://opensource-demo.orangehrmlive.com."
console.warn: LoginRecipes: "Falling back to a synchronous message for: https://opensource-demo.orangehrmlive.com."
1695346538662	Marionette	WARN	Ignoring event 'pageshow' because document has an invalid readyState of 'uninitialized'.
1695346539847	Marionette	INFO	Stopped listening on port 49163
JavaScript warning: https://opensource-demo.orangehrmlive.com/web/dist/js/chunk-vendors.js?v=1689053487449, line 128: Script terminated by timeout at:
gn@https://opensource-demo.orangehrmlive.com/web/dist/js/chunk-vendors.js?v=1689053487449:128:97646
draw@https://opensource-demo.orangehrmlive.com/web/dist/js/chunk-vendors.js?v=1689053487449:128:99835
draw@https://opensource-demo.orangehrmlive.com/web/dist/js/chunk-vendors.js?v=1689053487449:128:12632
_drawDataset@https://opensource-demo.orangehrmlive.com/web/dist/js/chunk-vendors.js?v=1689053487449:128:90874
_drawDatasets@https://opensource-demo.orangehrmlive.com/web/dist/js/chunk-vendors.js?v=1689053487449:128:90455
draw@https://opensource-demo.orangehrmlive.com/web/dist/js/chunk-vendors.js?v=1689053487449:128:89986
5668/_update/<@https://opensource-demo.orangehrmlive.com/web/dist/js/chunk-vendors.js?v=1689053487449:128:700
_update@https://opensource-demo.orangehrmlive.com/web/dist/js/chunk-vendors.js?v=1689053487449:128:479
5668/_refresh/this._request<@https://opensource-demo.orangehrmlive.com/web/dist/js/chunk-vendors.js?v=1689053487449:128:372

Dynamically enable window occlusion 1
